Using pre-set license
Built from '2021.3/staging' branch; Version is '2021.3.8f1 (b30333d56e81) revision 11731763'; Using compiler version '192829333'; Build Type 'Release'
OS: 'Windows 11  (10.0.22621) 64bit Professional' Language: 'ko' Physical Memory: 32510 MB
BatchMode: 1, IsHumanControllingUs: 0, StartBugReporterOnCrash: 0, Is64bit: 1, IsPro: 1

COMMAND LINE ARGUMENTS:
C:\Program Files\Unity\Hub\Editor\2021.3.8f1\Editor\Unity.exe
-adb2
-batchMode
-noUpm
-name
AssetImportWorker8
-projectPath
C:/Projects/Onboarding2
-logFile
Logs/AssetImportWorker8.log
-srvPort
51185
Successfully changed project path to: C:/Projects/Onboarding2
C:/Projects/Onboarding2
[UnityMemory] Configuration Parameters - Can be set up in boot.config
    "memorysetup-bucket-allocator-granularity=16"
    "memorysetup-bucket-allocator-bucket-count=8"
    "memorysetup-bucket-allocator-block-size=33554432"
    "memorysetup-bucket-allocator-block-count=8"
    "memorysetup-main-allocator-block-size=16777216"
    "memorysetup-thread-allocator-block-size=16777216"
    "memorysetup-gfx-main-allocator-block-size=16777216"
    "memorysetup-gfx-thread-allocator-block-size=16777216"
    "memorysetup-cache-allocator-block-size=4194304"
    "memorysetup-typetree-allocator-block-size=2097152"
    "memorysetup-profiler-bucket-allocator-granularity=16"
    "memorysetup-profiler-bucket-allocator-bucket-count=8"
    "memorysetup-profiler-bucket-allocator-block-size=33554432"
    "memorysetup-profiler-bucket-allocator-block-count=8"
    "memorysetup-profiler-allocator-block-size=16777216"
    "memorysetup-profiler-editor-allocator-block-size=1048576"
    "memorysetup-temp-allocator-size-main=16777216"
    "memorysetup-job-temp-allocator-block-size=2097152"
    "memorysetup-job-temp-allocator-block-size-background=1048576"
    "memorysetup-job-temp-allocator-reduction-small-platforms=262144"
    "memorysetup-temp-allocator-size-background-worker=32768"
    "memorysetup-temp-allocator-size-job-worker=262144"
    "memorysetup-temp-allocator-size-preload-manager=33554432"
    "memorysetup-temp-allocator-size-nav-mesh-worker=65536"
    "memorysetup-temp-allocator-size-audio-worker=65536"
    "memorysetup-temp-allocator-size-cloud-worker=32768"
    "memorysetup-temp-allocator-size-gi-baking-worker=262144"
    "memorysetup-temp-allocator-size-gfx=262144"
Refreshing native plugins compatible for Editor in 81.94 ms, found 3 plugins.
Preloading 0 native plugins for Editor in 0.00 ms.
Initialize engine version: 2021.3.8f1 (b30333d56e81)
[Subsystems] Discovering subsystems at path C:/Program Files/Unity/Hub/Editor/2021.3.8f1/Editor/Data/Resources/UnitySubsystems
[Subsystems] Discovering subsystems at path C:/Projects/Onboarding2/Assets
GfxDevice: creating device client; threaded=0; jobified=0
Direct3D:
    Version:  Direct3D 11.0 [level 11.1]
    Renderer: NVIDIA GeForce RTX 3070 Laptop GPU (ID=0x24dd)
    Vendor:   NVIDIA
    VRAM:     8044 MB
    Driver:   30.0.15.1169
Initialize mono
Mono path[0] = 'C:/Program Files/Unity/Hub/Editor/2021.3.8f1/Editor/Data/Managed'
Mono path[1] = 'C:/Program Files/Unity/Hub/Editor/2021.3.8f1/Editor/Data/MonoBleedingEdge/lib/mono/unityjit-win32'
Mono config path = 'C:/Program Files/Unity/Hub/Editor/2021.3.8f1/Editor/Data/MonoBleedingEdge/etc'
Using monoOptions --debugger-agent=transport=dt_socket,embedding=1,server=y,suspend=n,address=127.0.0.1:56984
Begin MonoManager ReloadAssembly
Registering precompiled unity dll's ...
Register platform support module: C:/Program Files/Unity/Hub/Editor/2021.3.8f1/Editor/Data/PlaybackEngines/WebGLSupport/UnityEditor.WebGL.Extensions.dll
Register platform support module: C:/Program Files/Unity/Hub/Editor/2021.3.8f1/Editor/Data/PlaybackEngines/WindowsStandaloneSupport/UnityEditor.WindowsStandalone.Extensions.dll
Registered in 0.004081 seconds.
Native extension for WindowsStandalone target not found
Native extension for WebGL target not found
Refreshing native plugins compatible for Editor in 83.41 ms, found 3 plugins.
Preloading 0 native plugins for Editor in 0.00 ms.
Mono: successfully reloaded assembly
- Completed reload, in  0.495 seconds
Domain Reload Profiling:
	ReloadAssembly (496ms)
		BeginReloadAssembly (55ms)
			ExecutionOrderSort (0ms)
			DisableScriptedObjects (0ms)
			BackupInstance (0ms)
			ReleaseScriptingObjects (0ms)
			CreateAndSetChildDomain (1ms)
		EndReloadAssembly (360ms)
			LoadAssemblies (54ms)
			RebuildTransferFunctionScriptingTraits (0ms)
			SetupTypeCache (78ms)
			ReleaseScriptCaches (0ms)
			RebuildScriptCaches (21ms)
			SetupLoadedEditorAssemblies (223ms)
				LogAssemblyErrors (0ms)
				InitializePlatformSupportModulesInManaged (7ms)
				SetLoadedEditorAssemblies (0ms)
				RefreshPlugins (84ms)
				BeforeProcessingInitializeOnLoad (1ms)
				ProcessInitializeOnLoadAttributes (98ms)
				ProcessInitializeOnLoadMethodAttributes (34ms)
				AfterProcessingInitializeOnLoad (0ms)
				EditorAssembliesLoaded (0ms)
			ExecutionOrderSort2 (0ms)
			AwakeInstancesAfterBackupRestoration (0ms)
Platform modules already initialized, skipping
Registering precompiled user dll's ...
Registered in 0.009966 seconds.
Begin MonoManager ReloadAssembly
Symbol file LoadedFromMemory doesn't match image C:\Projects\Onboarding2\Library\PackageCache\com.unity.visualscripting@1.7.8\Editor\VisualScripting.Core\Dependencies\YamlDotNet\Unity.VisualScripting.YamlDotNet.dll
Symbol file LoadedFromMemory doesn't match image C:\Projects\Onboarding2\Library\PackageCache\com.unity.visualscripting@1.7.8\Editor\VisualScripting.Core\Dependencies\DotNetZip\Unity.VisualScripting.IonicZip.dll
Native extension for WindowsStandalone target not found
Native extension for WebGL target not found
Refreshing native plugins compatible for Editor in 86.29 ms, found 3 plugins.
Preloading 0 native plugins for Editor in 0.00 ms.
Mono: successfully reloaded assembly
- Completed reload, in  0.969 seconds
Domain Reload Profiling:
	ReloadAssembly (969ms)
		BeginReloadAssembly (87ms)
			ExecutionOrderSort (0ms)
			DisableScriptedObjects (4ms)
			BackupInstance (0ms)
			ReleaseScriptingObjects (0ms)
			CreateAndSetChildDomain (16ms)
		EndReloadAssembly (794ms)
			LoadAssemblies (78ms)
			RebuildTransferFunctionScriptingTraits (0ms)
			SetupTypeCache (199ms)
			ReleaseScriptCaches (1ms)
			RebuildScriptCaches (46ms)
			SetupLoadedEditorAssemblies (439ms)
				LogAssemblyErrors (0ms)
				InitializePlatformSupportModulesInManaged (4ms)
				SetLoadedEditorAssemblies (0ms)
				RefreshPlugins (86ms)
				BeforeProcessingInitializeOnLoad (81ms)
				ProcessInitializeOnLoadAttributes (192ms)
				ProcessInitializeOnLoadMethodAttributes (71ms)
				AfterProcessingInitializeOnLoad (4ms)
				EditorAssembliesLoaded (0ms)
			ExecutionOrderSort2 (0ms)
			AwakeInstancesAfterBackupRestoration (5ms)
Platform modules already initialized, skipping
========================================================================
Worker process is ready to serve import requests
Launched and connected shader compiler UnityShaderCompiler.exe after 0.05 seconds
Refreshing native plugins compatible for Editor in 1.11 ms, found 3 plugins.
Preloading 0 native plugins for Editor in 0.00 ms.
Unloading 5029 Unused Serialized files (Serialized files now loaded: 0)
Unloading 34 unused Assets / (0.7 MB). Loaded Objects now: 5480.
Memory consumption went from 196.4 MB to 195.7 MB.
Total: 3.503300 ms (FindLiveObjects: 0.375900 ms CreateObjectMapping: 0.230500 ms MarkObjects: 2.617400 ms  DeleteObjects: 0.278500 ms)

AssetImportParameters requested are different than current active one (requested -> active):
  custom:video-decoder-ogg-theora: a1e56fd34408186e4bbccfd4996cb3dc -> 
  custom:container-muxer-webm: aa71ff27fc2769a1b78a27578f13a17b -> 
  custom:container-demuxer-webm: 4f35f7cbe854078d1ac9338744f61a02 -> 
  custom:video-encoder-webm-vp8: eb34c28f22e8b96e1ab97ce403110664 -> 
  custom:video-codec-MediaFoundation-h265: 746d11721c4dcdbdad8f713fa42b33f4 -> 
  custom:audio-encoder-webm-vorbis: bf7c407c2cedff20999df2af8eb42d56 -> 
  custom:framework-win-MediaFoundation: 216162199b28c13a410421893ffa2e32 -> 
  custom:container-demuxer-ogg: 62fdf1f143b41e24485cea50d1cbac27 -> 
  custom:video-decoder-webm-vp8: 9c59270c3fd7afecdb556c50c9e8de78 -> 
  custom:audio-decoder-ogg-vorbis: bf7c407c2cedff20999df2af8eb42d56 -> 
========================================================================
Received Import Request.
  Time since last request: 68448.307760 seconds.
  path: Assets/Readme.asset
  artifactKey: Guid(8105016687592461f977c054a80ce2f2) Importer(2089858483,0ecaa5967403d082aa24f35e1b516d23)
Start importing Assets/Readme.asset using Guid(8105016687592461f977c054a80ce2f2) Importer(2089858483,0ecaa5967403d082aa24f35e1b516d23) Generated GUIDs only implemented for interfaces!
 -> (artifact id: 'dfb0c8b627d089abad9ac8189814d70e') in 0.169835 seconds 
========================================================================
Received Import Request.
  Time since last request: 0.000027 seconds.
  path: Assets/Settings/URP-Balanced-Renderer.asset
  artifactKey: Guid(e634585d5c4544dd297acaee93dc2beb) Importer(2089858483,0ecaa5967403d082aa24f35e1b516d23)
Start importing Assets/Settings/URP-Balanced-Renderer.asset using Guid(e634585d5c4544dd297acaee93dc2beb) Importer(2089858483,0ecaa5967403d082aa24f35e1b516d23) Generated GUIDs only implemented for interfaces!
 -> (artifact id: 'aea43aef9bcf92648c3883ba7223a11d') in 0.018717 seconds 
========================================================================
Received Import Request.
  Time since last request: 0.000022 seconds.
  path: Assets/TutorialInfo/Layout.wlt
  artifactKey: Guid(eabc9546105bf4accac1fd62a63e88e6) Importer(2089858483,0ecaa5967403d082aa24f35e1b516d23)
Start importing Assets/TutorialInfo/Layout.wlt using Guid(eabc9546105bf4accac1fd62a63e88e6) Importer(2089858483,0ecaa5967403d082aa24f35e1b516d23) Generated GUIDs only implemented for interfaces!
 -> (artifact id: 'ca412166d76fe9469071277c85ccad84') in 0.006682 seconds 
========================================================================
Received Import Request.
  Time since last request: 0.000016 seconds.
  path: Assets/Settings/URP-Performant.asset
  artifactKey: Guid(d0e2fc18fe036412f8223b3b3d9ad574) Importer(2089858483,0ecaa5967403d082aa24f35e1b516d23)
Start importing Assets/Settings/URP-Performant.asset using Guid(d0e2fc18fe036412f8223b3b3d9ad574) Importer(2089858483,0ecaa5967403d082aa24f35e1b516d23) Generated GUIDs only implemented for interfaces!
 -> (artifact id: 'f40270a0a410011e9b1105d95e039c16') in 0.029554 seconds 
========================================================================
Received Import Request.
  Time since last request: 1.054793 seconds.
  path: Assets/Shaders/Lighting.hlsl
  artifactKey: Guid(eac0e6dfa36b25d44aecf0fb6369cb96) Importer(815301076,1909f56bfc062723c751e8b465ee728b)
Start importing Assets/Shaders/Lighting.hlsl using Guid(eac0e6dfa36b25d44aecf0fb6369cb96) Importer(815301076,1909f56bfc062723c751e8b465ee728b)  -> (artifact id: '161e7e191ae2f0477bdaefb09502a55e') in 0.011826 seconds 
========================================================================
Received Import Request.
  Time since last request: 25.919153 seconds.
  path: Assets/Shaders/CustomLit.shader
  artifactKey: Guid(59853821f90f005428191297a308f954) Importer(815301076,1909f56bfc062723c751e8b465ee728b)
Start importing Assets/Shaders/CustomLit.shader using Guid(59853821f90f005428191297a308f954) Importer(815301076,1909f56bfc062723c751e8b465ee728b)  -> (artifact id: 'b2fd6d18e0233c7654d2e38e9f01463f') in 0.004017 seconds 
========================================================================
Received Import Request.
  Time since last request: 0.629232 seconds.
  path: Assets/Shaders/LitForwardPass.hlsl
  artifactKey: Guid(37d94390e3949ab42abcf31a5fd3a0cd) Importer(815301076,1909f56bfc062723c751e8b465ee728b)
Start importing Assets/Shaders/LitForwardPass.hlsl using Guid(37d94390e3949ab42abcf31a5fd3a0cd) Importer(815301076,1909f56bfc062723c751e8b465ee728b)  -> (artifact id: 'e13d5c82082c17f9c63ee387e5f915a9') in 0.002341 seconds 
========================================================================
Received Prepare
Refreshing native plugins compatible for Editor in 7.62 ms, found 3 plugins.
Preloading 0 native plugins for Editor in 0.00 ms.
Unloading 27 Unused Serialized files (Serialized files now loaded: 0)
Unloading 27 unused Assets / (0.7 MB). Loaded Objects now: 5482.
Memory consumption went from 90.1 MB to 89.4 MB.
Total: 5.453900 ms (FindLiveObjects: 0.546300 ms CreateObjectMapping: 0.471500 ms MarkObjects: 4.051100 ms  DeleteObjects: 0.383800 ms)

AssetImportParameters requested are different than current active one (requested -> active):
  custom:video-decoder-ogg-theora: a1e56fd34408186e4bbccfd4996cb3dc -> 
  custom:container-muxer-webm: aa71ff27fc2769a1b78a27578f13a17b -> 
  custom:container-demuxer-webm: 4f35f7cbe854078d1ac9338744f61a02 -> 
  custom:video-encoder-webm-vp8: eb34c28f22e8b96e1ab97ce403110664 -> 
  custom:video-codec-MediaFoundation-h265: 746d11721c4dcdbdad8f713fa42b33f4 -> 
  custom:audio-encoder-webm-vorbis: bf7c407c2cedff20999df2af8eb42d56 -> 
  custom:framework-win-MediaFoundation: 216162199b28c13a410421893ffa2e32 -> 
  custom:SearchIndexIgnoredProperties: e643bd26f0fe6173181afceb89e7c659 -> 
  custom:container-demuxer-ogg: 62fdf1f143b41e24485cea50d1cbac27 -> 
  custom:video-decoder-webm-vp8: 9c59270c3fd7afecdb556c50c9e8de78 -> 
  custom:audio-decoder-ogg-vorbis: bf7c407c2cedff20999df2af8eb42d56 -> 
========================================================================
Received Import Request.
  Time since last request: 2.882268 seconds.
  path: Assets/Shaders/Lighting 1.hlsl
  artifactKey: Guid(078b20bf83455804c9cb14e131897639) Importer(815301076,1909f56bfc062723c751e8b465ee728b)
Start importing Assets/Shaders/Lighting 1.hlsl using Guid(078b20bf83455804c9cb14e131897639) Importer(815301076,1909f56bfc062723c751e8b465ee728b)  -> (artifact id: 'acfc01c34dc9a0fb2aa716b2e706206f') in 0.009517 seconds 
========================================================================
Received Import Request.
  Time since last request: 0.561809 seconds.
  path: Assets/Materials/BRDF.mat
  artifactKey: Guid(932ffa6e148c52d41b3aa55a245b0f43) Importer(2089858483,0ecaa5967403d082aa24f35e1b516d23)
Start importing Assets/Materials/BRDF.mat using Guid(932ffa6e148c52d41b3aa55a245b0f43) Importer(2089858483,0ecaa5967403d082aa24f35e1b516d23) Generated GUIDs only implemented for interfaces!
 -> (artifact id: 'ae8fe384a5a874b4fb84bc79844d74c4') in 0.020127 seconds 
========================================================================
Received Import Request.
  Time since last request: 2.011723 seconds.
  path: Assets/Shaders/Light.hlsl
  artifactKey: Guid(078b20bf83455804c9cb14e131897639) Importer(815301076,1909f56bfc062723c751e8b465ee728b)
Start importing Assets/Shaders/Light.hlsl using Guid(078b20bf83455804c9cb14e131897639) Importer(815301076,1909f56bfc062723c751e8b465ee728b)  -> (artifact id: '7ae2facbb52195240bb9e17e62704b56') in 0.002365 seconds 
========================================================================
Received Import Request.
  Time since last request: 0.860177 seconds.
  path: Assets/Shaders/Light.hlsl
  artifactKey: Guid(078b20bf83455804c9cb14e131897639) Importer(2089858483,0ecaa5967403d082aa24f35e1b516d23)
Start importing Assets/Shaders/Light.hlsl using Guid(078b20bf83455804c9cb14e131897639) Importer(2089858483,0ecaa5967403d082aa24f35e1b516d23) Generated GUIDs only implemented for interfaces!
 -> (artifact id: 'd7650f9f76c08515a269924b53339d2a') in 0.004812 seconds 
========================================================================
Received Import Request.
  Time since last request: 702.191209 seconds.
  path: Assets/Shaders/Light.hlsl
  artifactKey: Guid(078b20bf83455804c9cb14e131897639) Importer(815301076,1909f56bfc062723c751e8b465ee728b)
Start importing Assets/Shaders/Light.hlsl using Guid(078b20bf83455804c9cb14e131897639) Importer(815301076,1909f56bfc062723c751e8b465ee728b)  -> (artifact id: '431c4c389fe57723784f1c744957b2a9') in 0.003953 seconds 
========================================================================
Received Import Request.
  Time since last request: 0.740885 seconds.
  path: Assets/Shaders/LitForwardPass.hlsl
  artifactKey: Guid(37d94390e3949ab42abcf31a5fd3a0cd) Importer(2089858483,0ecaa5967403d082aa24f35e1b516d23)
Start importing Assets/Shaders/LitForwardPass.hlsl using Guid(37d94390e3949ab42abcf31a5fd3a0cd) Importer(2089858483,0ecaa5967403d082aa24f35e1b516d23) Generated GUIDs only implemented for interfaces!
 -> (artifact id: '22a4d6437ff80fa5ab628f693a9ba2d7') in 0.005177 seconds 
========================================================================
Received Import Request.
  Time since last request: 0.000020 seconds.
  path: Assets/Shaders/Light.hlsl
  artifactKey: Guid(078b20bf83455804c9cb14e131897639) Importer(2089858483,0ecaa5967403d082aa24f35e1b516d23)
Start importing Assets/Shaders/Light.hlsl using Guid(078b20bf83455804c9cb14e131897639) Importer(2089858483,0ecaa5967403d082aa24f35e1b516d23) Generated GUIDs only implemented for interfaces!
 -> (artifact id: 'e4c5a75173af137ef25cf48fcbd4480b') in 0.004343 seconds 
========================================================================
Received Import Request.
  Time since last request: 188.599018 seconds.
  path: Assets/Shaders/Lighting.hlsl
  artifactKey: Guid(eac0e6dfa36b25d44aecf0fb6369cb96) Importer(2089858483,0ecaa5967403d082aa24f35e1b516d23)
Start importing Assets/Shaders/Lighting.hlsl using Guid(eac0e6dfa36b25d44aecf0fb6369cb96) Importer(2089858483,0ecaa5967403d082aa24f35e1b516d23) Generated GUIDs only implemented for interfaces!
 -> (artifact id: '7161b2ac8d4bdce384b43cbf50568c00') in 0.005095 seconds 
========================================================================
Received Import Request.
  Time since last request: 377.924508 seconds.
  path: Assets/Shaders/Light.hlsl
  artifactKey: Guid(078b20bf83455804c9cb14e131897639) Importer(815301076,1909f56bfc062723c751e8b465ee728b)
Start importing Assets/Shaders/Light.hlsl using Guid(078b20bf83455804c9cb14e131897639) Importer(815301076,1909f56bfc062723c751e8b465ee728b)  -> (artifact id: '9ec6e8c621ddaf0b0304f6c75ab7c928') in 0.002712 seconds 
========================================================================
Received Import Request.
  Time since last request: 0.749675 seconds.
  path: Assets/Shaders/Light.hlsl
  artifactKey: Guid(078b20bf83455804c9cb14e131897639) Importer(2089858483,0ecaa5967403d082aa24f35e1b516d23)
Start importing Assets/Shaders/Light.hlsl using Guid(078b20bf83455804c9cb14e131897639) Importer(2089858483,0ecaa5967403d082aa24f35e1b516d23) Generated GUIDs only implemented for interfaces!
 -> (artifact id: '361cad9e1e8de0a9a9c254edfe48d7d7') in 0.004609 seconds 
========================================================================
Received Import Request.
  Time since last request: 82.567326 seconds.
  path: Assets/Shaders/CustomLitForwardPass.hlsl
  artifactKey: Guid(4e765a66dadec1d44a09f0834e77d7a7) Importer(2089858483,0ecaa5967403d082aa24f35e1b516d23)
Start importing Assets/Shaders/CustomLitForwardPass.hlsl using Guid(4e765a66dadec1d44a09f0834e77d7a7) Importer(2089858483,0ecaa5967403d082aa24f35e1b516d23) Generated GUIDs only implemented for interfaces!
 -> (artifact id: 'c0e459511c41c239934910abbb29b4fe') in 0.005317 seconds 
========================================================================
Received Import Request.
  Time since last request: 5.229211 seconds.
  path: Assets/Shaders/CustomLit.shader
  artifactKey: Guid(59853821f90f005428191297a308f954) Importer(815301076,1909f56bfc062723c751e8b465ee728b)
Start importing Assets/Shaders/CustomLit.shader using Guid(59853821f90f005428191297a308f954) Importer(815301076,1909f56bfc062723c751e8b465ee728b)  -> (artifact id: '6877394af20ee763bd65e1e69419b07b') in 0.002767 seconds 
========================================================================
Received Import Request.
  Time since last request: 0.365146 seconds.
  path: Assets/Shaders/CustomLitForwardPass.hlsl
  artifactKey: Guid(4e765a66dadec1d44a09f0834e77d7a7) Importer(815301076,1909f56bfc062723c751e8b465ee728b)
Start importing Assets/Shaders/CustomLitForwardPass.hlsl using Guid(4e765a66dadec1d44a09f0834e77d7a7) Importer(815301076,1909f56bfc062723c751e8b465ee728b)  -> (artifact id: '7d13a2486cd34fd751db54df7fffbf0e') in 0.003478 seconds 
========================================================================
Received Import Request.
  Time since last request: 14.011907 seconds.
  path: Assets/Shaders/CustomLit.shader
  artifactKey: Guid(59853821f90f005428191297a308f954) Importer(2089858483,0ecaa5967403d082aa24f35e1b516d23)
Start importing Assets/Shaders/CustomLit.shader using Guid(59853821f90f005428191297a308f954) Importer(2089858483,0ecaa5967403d082aa24f35e1b516d23) Generated GUIDs only implemented for interfaces!
 -> (artifact id: '041e3af616db52e4916a97a764710899') in 0.010915 seconds 
========================================================================
Received Import Request.
  Time since last request: 18.961799 seconds.
  path: Assets/Shaders/CustomLitForwardPass.hlsl
  artifactKey: Guid(4e765a66dadec1d44a09f0834e77d7a7) Importer(815301076,1909f56bfc062723c751e8b465ee728b)
Start importing Assets/Shaders/CustomLitForwardPass.hlsl using Guid(4e765a66dadec1d44a09f0834e77d7a7) Importer(815301076,1909f56bfc062723c751e8b465ee728b)  -> (artifact id: '23fc2c9a4574c8bc5d960627f3ab7cba') in 0.002642 seconds 
========================================================================
Received Import Request.
  Time since last request: 0.671806 seconds.
  path: Assets/Shaders/CustomLitForwardPass.hlsl
  artifactKey: Guid(4e765a66dadec1d44a09f0834e77d7a7) Importer(2089858483,0ecaa5967403d082aa24f35e1b516d23)
Start importing Assets/Shaders/CustomLitForwardPass.hlsl using Guid(4e765a66dadec1d44a09f0834e77d7a7) Importer(2089858483,0ecaa5967403d082aa24f35e1b516d23) Generated GUIDs only implemented for interfaces!
 -> (artifact id: 'a040fe4a2e59bcaa6d17e90fe6bde78f') in 0.004887 seconds 
========================================================================
Received Import Request.
  Time since last request: 256.474562 seconds.
  path: Assets/Shaders/CustomLitForwardPass.hlsl
  artifactKey: Guid(4e765a66dadec1d44a09f0834e77d7a7) Importer(815301076,1909f56bfc062723c751e8b465ee728b)
Start importing Assets/Shaders/CustomLitForwardPass.hlsl using Guid(4e765a66dadec1d44a09f0834e77d7a7) Importer(815301076,1909f56bfc062723c751e8b465ee728b)  -> (artifact id: '95ff4c3d3fa21cf5460a856855a34af2') in 0.003179 seconds 
========================================================================
Received Import Request.
  Time since last request: 0.705553 seconds.
  path: Assets/Shaders/CustomLitForwardPass.hlsl
  artifactKey: Guid(4e765a66dadec1d44a09f0834e77d7a7) Importer(2089858483,0ecaa5967403d082aa24f35e1b516d23)
Start importing Assets/Shaders/CustomLitForwardPass.hlsl using Guid(4e765a66dadec1d44a09f0834e77d7a7) Importer(2089858483,0ecaa5967403d082aa24f35e1b516d23) Generated GUIDs only implemented for interfaces!
 -> (artifact id: '99be82e7b46d6dfa15211779db28d104') in 0.005210 seconds 
========================================================================
Received Import Request.
  Time since last request: 234.200717 seconds.
  path: Assets/Shaders/CustomLitForwardPass.hlsl
  artifactKey: Guid(4e765a66dadec1d44a09f0834e77d7a7) Importer(815301076,1909f56bfc062723c751e8b465ee728b)
Start importing Assets/Shaders/CustomLitForwardPass.hlsl using Guid(4e765a66dadec1d44a09f0834e77d7a7) Importer(815301076,1909f56bfc062723c751e8b465ee728b)  -> (artifact id: '43e6efe19f19490061ac3aaa0bfc230c') in 0.003981 seconds 
========================================================================
Received Import Request.
  Time since last request: 0.689238 seconds.
  path: Assets/Shaders/LitForwardPass.hlsl
  artifactKey: Guid(37d94390e3949ab42abcf31a5fd3a0cd) Importer(2089858483,0ecaa5967403d082aa24f35e1b516d23)
Start importing Assets/Shaders/LitForwardPass.hlsl using Guid(37d94390e3949ab42abcf31a5fd3a0cd) Importer(2089858483,0ecaa5967403d082aa24f35e1b516d23) Generated GUIDs only implemented for interfaces!
 -> (artifact id: '3e509421be054bfcc8e646e28a1cbf90') in 0.005137 seconds 
========================================================================
Received Import Request.
  Time since last request: 0.000019 seconds.
  path: Assets/Shaders/Light.hlsl
  artifactKey: Guid(078b20bf83455804c9cb14e131897639) Importer(2089858483,0ecaa5967403d082aa24f35e1b516d23)
Start importing Assets/Shaders/Light.hlsl using Guid(078b20bf83455804c9cb14e131897639) Importer(2089858483,0ecaa5967403d082aa24f35e1b516d23) Generated GUIDs only implemented for interfaces!
 -> (artifact id: '324719618ba53f4a9b2bcb98b2a35379') in 0.004285 seconds 
========================================================================
Received Import Request.
  Time since last request: 187.659681 seconds.
  path: Assets/Shaders/CustomLitForwardPass.hlsl
  artifactKey: Guid(4e765a66dadec1d44a09f0834e77d7a7) Importer(2089858483,0ecaa5967403d082aa24f35e1b516d23)
Start importing Assets/Shaders/CustomLitForwardPass.hlsl using Guid(4e765a66dadec1d44a09f0834e77d7a7) Importer(2089858483,0ecaa5967403d082aa24f35e1b516d23) Generated GUIDs only implemented for interfaces!
 -> (artifact id: '83dfd9a41abd4284bbac35d6e9acb277') in 0.005512 seconds 
========================================================================
Received Import Request.
  Time since last request: 543.825849 seconds.
  path: Assets/Shaders/CustomLitForwardPass.hlsl
  artifactKey: Guid(4e765a66dadec1d44a09f0834e77d7a7) Importer(2089858483,0ecaa5967403d082aa24f35e1b516d23)
Start importing Assets/Shaders/CustomLitForwardPass.hlsl using Guid(4e765a66dadec1d44a09f0834e77d7a7) Importer(2089858483,0ecaa5967403d082aa24f35e1b516d23) Generated GUIDs only implemented for interfaces!
 -> (artifact id: '7752438570a934f296deae7a01d93137') in 0.005943 seconds 
========================================================================
Received Import Request.
  Time since last request: 333.823611 seconds.
  path: Assets/Shaders/CustomLitForwardPass.hlsl
  artifactKey: Guid(4e765a66dadec1d44a09f0834e77d7a7) Importer(2089858483,0ecaa5967403d082aa24f35e1b516d23)
Start importing Assets/Shaders/CustomLitForwardPass.hlsl using Guid(4e765a66dadec1d44a09f0834e77d7a7) Importer(2089858483,0ecaa5967403d082aa24f35e1b516d23) Generated GUIDs only implemented for interfaces!
 -> (artifact id: 'b9de85099f73477ff188d95e0ca26b87') in 0.005048 seconds 
========================================================================
Received Import Request.
  Time since last request: 240.921731 seconds.
  path: Assets/Shaders/CustomLitForwardPass.hlsl
  artifactKey: Guid(4e765a66dadec1d44a09f0834e77d7a7) Importer(2089858483,0ecaa5967403d082aa24f35e1b516d23)
Start importing Assets/Shaders/CustomLitForwardPass.hlsl using Guid(4e765a66dadec1d44a09f0834e77d7a7) Importer(2089858483,0ecaa5967403d082aa24f35e1b516d23) Generated GUIDs only implemented for interfaces!
 -> (artifact id: '58089e18734ae5b22b2988b80b07ddaa') in 0.005516 seconds 
========================================================================
Received Import Request.
  Time since last request: 70.044797 seconds.
  path: Assets/Shaders/CustomLitForwardPass.hlsl
  artifactKey: Guid(4e765a66dadec1d44a09f0834e77d7a7) Importer(2089858483,0ecaa5967403d082aa24f35e1b516d23)
Start importing Assets/Shaders/CustomLitForwardPass.hlsl using Guid(4e765a66dadec1d44a09f0834e77d7a7) Importer(2089858483,0ecaa5967403d082aa24f35e1b516d23) Generated GUIDs only implemented for interfaces!
 -> (artifact id: '7a64003a1cc89bcaed6647e7006e8c54') in 0.004579 seconds 
========================================================================
Received Import Request.
  Time since last request: 15.090696 seconds.
  path: Assets/Shaders/CustomLitForwardPass.hlsl
  artifactKey: Guid(4e765a66dadec1d44a09f0834e77d7a7) Importer(2089858483,0ecaa5967403d082aa24f35e1b516d23)
Start importing Assets/Shaders/CustomLitForwardPass.hlsl using Guid(4e765a66dadec1d44a09f0834e77d7a7) Importer(2089858483,0ecaa5967403d082aa24f35e1b516d23) Generated GUIDs only implemented for interfaces!
 -> (artifact id: 'aa4ee98e372ad3f8c52c16e140245856') in 0.004358 seconds 
========================================================================
Received Import Request.
  Time since last request: 787.505018 seconds.
  path: Assets/Shaders/CustomLitForwardPass.hlsl
  artifactKey: Guid(4e765a66dadec1d44a09f0834e77d7a7) Importer(2089858483,0ecaa5967403d082aa24f35e1b516d23)
Start importing Assets/Shaders/CustomLitForwardPass.hlsl using Guid(4e765a66dadec1d44a09f0834e77d7a7) Importer(2089858483,0ecaa5967403d082aa24f35e1b516d23) Generated GUIDs only implemented for interfaces!
 -> (artifact id: '59936476aa4140a435ed2218de46b457') in 0.005338 seconds 
========================================================================
Received Import Request.
  Time since last request: 127.674097 seconds.
  path: Assets
  artifactKey: Guid(00000000000000001000000000000000) Importer(815301076,1909f56bfc062723c751e8b465ee728b)
Start importing Assets using Guid(00000000000000001000000000000000) Importer(815301076,1909f56bfc062723c751e8b465ee728b)  -> (artifact id: '79842766b460edbeab6a34051e857a80') in 0.001974 seconds 
========================================================================
Received Import Request.
  Time since last request: 9.500570 seconds.
  path: Assets/Materials/Lit.mat
  artifactKey: Guid(2b26dff0606688e4797292f22c592d7a) Importer(2089858483,0ecaa5967403d082aa24f35e1b516d23)
Start importing Assets/Materials/Lit.mat using Guid(2b26dff0606688e4797292f22c592d7a) Importer(2089858483,0ecaa5967403d082aa24f35e1b516d23) Generated GUIDs only implemented for interfaces!
 -> (artifact id: '2e65822963a4f59ad5bcc7ab7df4cad5') in 0.011812 seconds 
========================================================================
Received Import Request.
  Time since last request: 468.528534 seconds.
  path: Assets/Shaders/CustomLitForwardPass.hlsl
  artifactKey: Guid(4e765a66dadec1d44a09f0834e77d7a7) Importer(2089858483,0ecaa5967403d082aa24f35e1b516d23)
Start importing Assets/Shaders/CustomLitForwardPass.hlsl using Guid(4e765a66dadec1d44a09f0834e77d7a7) Importer(2089858483,0ecaa5967403d082aa24f35e1b516d23) Generated GUIDs only implemented for interfaces!
 -> (artifact id: '1aeaca8f2bce4fa0793a043b582146d8') in 0.005511 seconds 
========================================================================
Received Import Request.
  Time since last request: 49.546235 seconds.
  path: Assets/Shaders/CustomLitForwardPass.hlsl
  artifactKey: Guid(4e765a66dadec1d44a09f0834e77d7a7) Importer(2089858483,0ecaa5967403d082aa24f35e1b516d23)
Start importing Assets/Shaders/CustomLitForwardPass.hlsl using Guid(4e765a66dadec1d44a09f0834e77d7a7) Importer(2089858483,0ecaa5967403d082aa24f35e1b516d23) Generated GUIDs only implemented for interfaces!
 -> (artifact id: 'db3d718a7f5fa34f06621ff8c969b7ca') in 0.005559 seconds 
========================================================================
Received Import Request.
  Time since last request: 41.983006 seconds.
  path: Assets/Shaders/CustomLitForwardPass.hlsl
  artifactKey: Guid(4e765a66dadec1d44a09f0834e77d7a7) Importer(2089858483,0ecaa5967403d082aa24f35e1b516d23)
Start importing Assets/Shaders/CustomLitForwardPass.hlsl using Guid(4e765a66dadec1d44a09f0834e77d7a7) Importer(2089858483,0ecaa5967403d082aa24f35e1b516d23) Generated GUIDs only implemented for interfaces!
 -> (artifact id: '6e5f49f9b413b6b6be0df08f271b60f0') in 0.005225 seconds 
========================================================================
Received Import Request.
  Time since last request: 15.354596 seconds.
  path: Assets/Shaders/CustomLitForwardPass.hlsl
  artifactKey: Guid(4e765a66dadec1d44a09f0834e77d7a7) Importer(2089858483,0ecaa5967403d082aa24f35e1b516d23)
Start importing Assets/Shaders/CustomLitForwardPass.hlsl using Guid(4e765a66dadec1d44a09f0834e77d7a7) Importer(2089858483,0ecaa5967403d082aa24f35e1b516d23) Generated GUIDs only implemented for interfaces!
 -> (artifact id: '4a09dd47f7b5968cca42805b7ddb7772') in 0.004811 seconds 
========================================================================
Received Import Request.
  Time since last request: 11.701564 seconds.
  path: Assets/Shaders/CustomLitForwardPass.hlsl
  artifactKey: Guid(4e765a66dadec1d44a09f0834e77d7a7) Importer(2089858483,0ecaa5967403d082aa24f35e1b516d23)
Start importing Assets/Shaders/CustomLitForwardPass.hlsl using Guid(4e765a66dadec1d44a09f0834e77d7a7) Importer(2089858483,0ecaa5967403d082aa24f35e1b516d23) Generated GUIDs only implemented for interfaces!
 -> (artifact id: '650b2953d0f87864089efb7c6346cb07') in 0.004815 seconds 
========================================================================
Received Import Request.
  Time since last request: 44.334911 seconds.
  path: Assets/Shaders/CustomLitForwardPass.hlsl
  artifactKey: Guid(4e765a66dadec1d44a09f0834e77d7a7) Importer(2089858483,0ecaa5967403d082aa24f35e1b516d23)
Start importing Assets/Shaders/CustomLitForwardPass.hlsl using Guid(4e765a66dadec1d44a09f0834e77d7a7) Importer(2089858483,0ecaa5967403d082aa24f35e1b516d23) Generated GUIDs only implemented for interfaces!
 -> (artifact id: 'e958bcfb21fad8a6ac8f9707ab47adf5') in 0.004882 seconds 
========================================================================
Received Import Request.
  Time since last request: 50.310200 seconds.
  path: Assets/Shaders/CustomLitForwardPass.hlsl
  artifactKey: Guid(4e765a66dadec1d44a09f0834e77d7a7) Importer(2089858483,0ecaa5967403d082aa24f35e1b516d23)
Start importing Assets/Shaders/CustomLitForwardPass.hlsl using Guid(4e765a66dadec1d44a09f0834e77d7a7) Importer(2089858483,0ecaa5967403d082aa24f35e1b516d23) Generated GUIDs only implemented for interfaces!
 -> (artifact id: 'b2066b73993dc33955a1cd3eaae7a484') in 0.013844 seconds 
========================================================================
Received Import Request.
  Time since last request: 191.105054 seconds.
  path: Assets/Shaders/CustomLitForwardPass.hlsl
  artifactKey: Guid(4e765a66dadec1d44a09f0834e77d7a7) Importer(2089858483,0ecaa5967403d082aa24f35e1b516d23)
Start importing Assets/Shaders/CustomLitForwardPass.hlsl using Guid(4e765a66dadec1d44a09f0834e77d7a7) Importer(2089858483,0ecaa5967403d082aa24f35e1b516d23) Generated GUIDs only implemented for interfaces!
 -> (artifact id: 'abbbbb59bd422975eade91189fead2dd') in 0.005155 seconds 
========================================================================
Received Import Request.
  Time since last request: 92.440319 seconds.
  path: Assets/Shaders/CustomLitForwardPass.hlsl
  artifactKey: Guid(4e765a66dadec1d44a09f0834e77d7a7) Importer(2089858483,0ecaa5967403d082aa24f35e1b516d23)
Start importing Assets/Shaders/CustomLitForwardPass.hlsl using Guid(4e765a66dadec1d44a09f0834e77d7a7) Importer(2089858483,0ecaa5967403d082aa24f35e1b516d23) Generated GUIDs only implemented for interfaces!
 -> (artifact id: '1f2e6a752d16ad65f445dbe9f632e3a9') in 0.004902 seconds 
========================================================================
Received Import Request.
  Time since last request: 11.804147 seconds.
  path: Assets/Shaders/CustomLitForwardPass.hlsl
  artifactKey: Guid(4e765a66dadec1d44a09f0834e77d7a7) Importer(2089858483,0ecaa5967403d082aa24f35e1b516d23)
Start importing Assets/Shaders/CustomLitForwardPass.hlsl using Guid(4e765a66dadec1d44a09f0834e77d7a7) Importer(2089858483,0ecaa5967403d082aa24f35e1b516d23) Generated GUIDs only implemented for interfaces!
 -> (artifact id: 'b5e7190db06fb84d804302b1fc6497ac') in 0.006688 seconds 
========================================================================
Received Import Request.
  Time since last request: 84.310699 seconds.
  path: Assets/Shaders/CustomLitForwardPass.hlsl
  artifactKey: Guid(4e765a66dadec1d44a09f0834e77d7a7) Importer(2089858483,0ecaa5967403d082aa24f35e1b516d23)
Start importing Assets/Shaders/CustomLitForwardPass.hlsl using Guid(4e765a66dadec1d44a09f0834e77d7a7) Importer(2089858483,0ecaa5967403d082aa24f35e1b516d23) Generated GUIDs only implemented for interfaces!
 -> (artifact id: 'c7cd15e919f98d5200966f36397e77c6') in 0.006811 seconds 
========================================================================
Received Import Request.
  Time since last request: 71.700482 seconds.
  path: Assets/Shaders/CustomLitForwardPass.hlsl
  artifactKey: Guid(4e765a66dadec1d44a09f0834e77d7a7) Importer(2089858483,0ecaa5967403d082aa24f35e1b516d23)
Start importing Assets/Shaders/CustomLitForwardPass.hlsl using Guid(4e765a66dadec1d44a09f0834e77d7a7) Importer(2089858483,0ecaa5967403d082aa24f35e1b516d23) Generated GUIDs only implemented for interfaces!
 -> (artifact id: '40c90dc9913b3664b1d922abbfac40d5') in 0.004904 seconds 
========================================================================
Received Import Request.
  Time since last request: 81.400630 seconds.
  path: Assets/Shaders/CustomLitForwardPass.hlsl
  artifactKey: Guid(4e765a66dadec1d44a09f0834e77d7a7) Importer(2089858483,0ecaa5967403d082aa24f35e1b516d23)
Start importing Assets/Shaders/CustomLitForwardPass.hlsl using Guid(4e765a66dadec1d44a09f0834e77d7a7) Importer(2089858483,0ecaa5967403d082aa24f35e1b516d23) Generated GUIDs only implemented for interfaces!
 -> (artifact id: '8f1163e42dd41ca548f31661d37ffa9f') in 0.005996 seconds 
========================================================================
Received Import Request.
  Time since last request: 76.791304 seconds.
  path: Assets/Shaders/CustomLitForwardPass.hlsl
  artifactKey: Guid(4e765a66dadec1d44a09f0834e77d7a7) Importer(2089858483,0ecaa5967403d082aa24f35e1b516d23)
Start importing Assets/Shaders/CustomLitForwardPass.hlsl using Guid(4e765a66dadec1d44a09f0834e77d7a7) Importer(2089858483,0ecaa5967403d082aa24f35e1b516d23) Generated GUIDs only implemented for interfaces!
 -> (artifact id: '58848cc3f033a66e750ffdfa63e77d9f') in 0.006528 seconds 
========================================================================
Received Import Request.
  Time since last request: 33.629532 seconds.
  path: Assets/Shaders/CustomLitForwardPass.hlsl
  artifactKey: Guid(4e765a66dadec1d44a09f0834e77d7a7) Importer(2089858483,0ecaa5967403d082aa24f35e1b516d23)
Start importing Assets/Shaders/CustomLitForwardPass.hlsl using Guid(4e765a66dadec1d44a09f0834e77d7a7) Importer(2089858483,0ecaa5967403d082aa24f35e1b516d23) Generated GUIDs only implemented for interfaces!
 -> (artifact id: '70168b02d51a792fcf1826a215202216') in 0.005536 seconds 
========================================================================
Received Import Request.
  Time since last request: 69.641588 seconds.
  path: Assets/Shaders/CustomLitForwardPass.hlsl
  artifactKey: Guid(4e765a66dadec1d44a09f0834e77d7a7) Importer(2089858483,0ecaa5967403d082aa24f35e1b516d23)
Start importing Assets/Shaders/CustomLitForwardPass.hlsl using Guid(4e765a66dadec1d44a09f0834e77d7a7) Importer(2089858483,0ecaa5967403d082aa24f35e1b516d23) Generated GUIDs only implemented for interfaces!
 -> (artifact id: 'e8643e64c33863d6bd07e94449c4cd5a') in 0.004944 seconds 
========================================================================
Received Import Request.
  Time since last request: 148.408523 seconds.
  path: Assets/Shaders/CustomLitForwardPass.hlsl
  artifactKey: Guid(4e765a66dadec1d44a09f0834e77d7a7) Importer(2089858483,0ecaa5967403d082aa24f35e1b516d23)
Start importing Assets/Shaders/CustomLitForwardPass.hlsl using Guid(4e765a66dadec1d44a09f0834e77d7a7) Importer(2089858483,0ecaa5967403d082aa24f35e1b516d23) Generated GUIDs only implemented for interfaces!
 -> (artifact id: '5bd2e49766470246071b60a39488b14f') in 0.006531 seconds 
