Using pre-set license
Built from '2021.3/staging' branch; Version is '2021.3.8f1 (b30333d56e81) revision 11731763'; Using compiler version '192829333'; Build Type 'Release'
OS: 'Windows 11  (10.0.22621) 64bit Professional' Language: 'ko' Physical Memory: 32510 MB
BatchMode: 1, IsHumanControllingUs: 0, StartBugReporterOnCrash: 0, Is64bit: 1, IsPro: 1

COMMAND LINE ARGUMENTS:
C:\Program Files\Unity\Hub\Editor\2021.3.8f1\Editor\Unity.exe
-adb2
-batchMode
-noUpm
-name
AssetImportWorker4
-projectPath
C:/Projects/Onboarding2
-logFile
Logs/AssetImportWorker4.log
-srvPort
51185
Successfully changed project path to: C:/Projects/Onboarding2
C:/Projects/Onboarding2
[UnityMemory] Configuration Parameters - Can be set up in boot.config
    "memorysetup-bucket-allocator-granularity=16"
    "memorysetup-bucket-allocator-bucket-count=8"
    "memorysetup-bucket-allocator-block-size=33554432"
    "memorysetup-bucket-allocator-block-count=8"
    "memorysetup-main-allocator-block-size=16777216"
    "memorysetup-thread-allocator-block-size=16777216"
    "memorysetup-gfx-main-allocator-block-size=16777216"
    "memorysetup-gfx-thread-allocator-block-size=16777216"
    "memorysetup-cache-allocator-block-size=4194304"
    "memorysetup-typetree-allocator-block-size=2097152"
    "memorysetup-profiler-bucket-allocator-granularity=16"
    "memorysetup-profiler-bucket-allocator-bucket-count=8"
    "memorysetup-profiler-bucket-allocator-block-size=33554432"
    "memorysetup-profiler-bucket-allocator-block-count=8"
    "memorysetup-profiler-allocator-block-size=16777216"
    "memorysetup-profiler-editor-allocator-block-size=1048576"
    "memorysetup-temp-allocator-size-main=16777216"
    "memorysetup-job-temp-allocator-block-size=2097152"
    "memorysetup-job-temp-allocator-block-size-background=1048576"
    "memorysetup-job-temp-allocator-reduction-small-platforms=262144"
    "memorysetup-temp-allocator-size-background-worker=32768"
    "memorysetup-temp-allocator-size-job-worker=262144"
    "memorysetup-temp-allocator-size-preload-manager=33554432"
    "memorysetup-temp-allocator-size-nav-mesh-worker=65536"
    "memorysetup-temp-allocator-size-audio-worker=65536"
    "memorysetup-temp-allocator-size-cloud-worker=32768"
    "memorysetup-temp-allocator-size-gi-baking-worker=262144"
    "memorysetup-temp-allocator-size-gfx=262144"
Refreshing native plugins compatible for Editor in 74.64 ms, found 3 plugins.
Preloading 0 native plugins for Editor in 0.00 ms.
Initialize engine version: 2021.3.8f1 (b30333d56e81)
[Subsystems] Discovering subsystems at path C:/Program Files/Unity/Hub/Editor/2021.3.8f1/Editor/Data/Resources/UnitySubsystems
[Subsystems] Discovering subsystems at path C:/Projects/Onboarding2/Assets
GfxDevice: creating device client; threaded=0; jobified=0
Direct3D:
    Version:  Direct3D 11.0 [level 11.1]
    Renderer: NVIDIA GeForce RTX 3070 Laptop GPU (ID=0x24dd)
    Vendor:   NVIDIA
    VRAM:     8044 MB
    Driver:   30.0.15.1169
Initialize mono
Mono path[0] = 'C:/Program Files/Unity/Hub/Editor/2021.3.8f1/Editor/Data/Managed'
Mono path[1] = 'C:/Program Files/Unity/Hub/Editor/2021.3.8f1/Editor/Data/MonoBleedingEdge/lib/mono/unityjit-win32'
Mono config path = 'C:/Program Files/Unity/Hub/Editor/2021.3.8f1/Editor/Data/MonoBleedingEdge/etc'
Using monoOptions --debugger-agent=transport=dt_socket,embedding=1,server=y,suspend=n,address=127.0.0.1:56480
Begin MonoManager ReloadAssembly
Registering precompiled unity dll's ...
Register platform support module: C:/Program Files/Unity/Hub/Editor/2021.3.8f1/Editor/Data/PlaybackEngines/WebGLSupport/UnityEditor.WebGL.Extensions.dll
Register platform support module: C:/Program Files/Unity/Hub/Editor/2021.3.8f1/Editor/Data/PlaybackEngines/WindowsStandaloneSupport/UnityEditor.WindowsStandalone.Extensions.dll
Registered in 0.003590 seconds.
Native extension for WindowsStandalone target not found
Native extension for WebGL target not found
Refreshing native plugins compatible for Editor in 71.56 ms, found 3 plugins.
Preloading 0 native plugins for Editor in 0.00 ms.
Mono: successfully reloaded assembly
- Completed reload, in  0.486 seconds
Domain Reload Profiling:
	ReloadAssembly (486ms)
		BeginReloadAssembly (56ms)
			ExecutionOrderSort (0ms)
			DisableScriptedObjects (0ms)
			BackupInstance (0ms)
			ReleaseScriptingObjects (0ms)
			CreateAndSetChildDomain (1ms)
		EndReloadAssembly (352ms)
			LoadAssemblies (55ms)
			RebuildTransferFunctionScriptingTraits (0ms)
			SetupTypeCache (85ms)
			ReleaseScriptCaches (0ms)
			RebuildScriptCaches (21ms)
			SetupLoadedEditorAssemblies (206ms)
				LogAssemblyErrors (0ms)
				InitializePlatformSupportModulesInManaged (7ms)
				SetLoadedEditorAssemblies (0ms)
				RefreshPlugins (72ms)
				BeforeProcessingInitializeOnLoad (1ms)
				ProcessInitializeOnLoadAttributes (89ms)
				ProcessInitializeOnLoadMethodAttributes (37ms)
				AfterProcessingInitializeOnLoad (0ms)
				EditorAssembliesLoaded (0ms)
			ExecutionOrderSort2 (0ms)
			AwakeInstancesAfterBackupRestoration (0ms)
Platform modules already initialized, skipping
Registering precompiled user dll's ...
Registered in 0.005960 seconds.
Begin MonoManager ReloadAssembly
Symbol file LoadedFromMemory doesn't match image C:\Projects\Onboarding2\Library\PackageCache\com.unity.visualscripting@1.7.8\Editor\VisualScripting.Core\Dependencies\YamlDotNet\Unity.VisualScripting.YamlDotNet.dll
Symbol file LoadedFromMemory doesn't match image C:\Projects\Onboarding2\Library\PackageCache\com.unity.visualscripting@1.7.8\Editor\VisualScripting.Core\Dependencies\DotNetZip\Unity.VisualScripting.IonicZip.dll
Native extension for WindowsStandalone target not found
Native extension for WebGL target not found
Refreshing native plugins compatible for Editor in 71.99 ms, found 3 plugins.
Preloading 0 native plugins for Editor in 0.00 ms.
Mono: successfully reloaded assembly
- Completed reload, in  0.932 seconds
Domain Reload Profiling:
	ReloadAssembly (933ms)
		BeginReloadAssembly (86ms)
			ExecutionOrderSort (0ms)
			DisableScriptedObjects (4ms)
			BackupInstance (0ms)
			ReleaseScriptingObjects (0ms)
			CreateAndSetChildDomain (17ms)
		EndReloadAssembly (762ms)
			LoadAssemblies (85ms)
			RebuildTransferFunctionScriptingTraits (0ms)
			SetupTypeCache (193ms)
			ReleaseScriptCaches (1ms)
			RebuildScriptCaches (45ms)
			SetupLoadedEditorAssemblies (400ms)
				LogAssemblyErrors (0ms)
				InitializePlatformSupportModulesInManaged (4ms)
				SetLoadedEditorAssemblies (0ms)
				RefreshPlugins (72ms)
				BeforeProcessingInitializeOnLoad (82ms)
				ProcessInitializeOnLoadAttributes (176ms)
				ProcessInitializeOnLoadMethodAttributes (61ms)
				AfterProcessingInitializeOnLoad (5ms)
				EditorAssembliesLoaded (0ms)
			ExecutionOrderSort2 (0ms)
			AwakeInstancesAfterBackupRestoration (6ms)
Platform modules already initialized, skipping
========================================================================
Worker process is ready to serve import requests
Launched and connected shader compiler UnityShaderCompiler.exe after 0.07 seconds
Refreshing native plugins compatible for Editor in 1.14 ms, found 3 plugins.
Preloading 0 native plugins for Editor in 0.00 ms.
Unloading 5028 Unused Serialized files (Serialized files now loaded: 0)
Unloading 34 unused Assets / (0.7 MB). Loaded Objects now: 5479.
Memory consumption went from 196.2 MB to 195.5 MB.
Total: 3.060000 ms (FindLiveObjects: 0.356200 ms CreateObjectMapping: 0.195600 ms MarkObjects: 2.268700 ms  DeleteObjects: 0.238600 ms)

AssetImportParameters requested are different than current active one (requested -> active):
  custom:video-decoder-ogg-theora: a1e56fd34408186e4bbccfd4996cb3dc -> 
  custom:container-muxer-webm: aa71ff27fc2769a1b78a27578f13a17b -> 
  custom:container-demuxer-webm: 4f35f7cbe854078d1ac9338744f61a02 -> 
  custom:video-encoder-webm-vp8: eb34c28f22e8b96e1ab97ce403110664 -> 
  custom:video-codec-MediaFoundation-h265: 746d11721c4dcdbdad8f713fa42b33f4 -> 
  custom:audio-encoder-webm-vorbis: bf7c407c2cedff20999df2af8eb42d56 -> 
  custom:framework-win-MediaFoundation: 216162199b28c13a410421893ffa2e32 -> 
  custom:container-demuxer-ogg: 62fdf1f143b41e24485cea50d1cbac27 -> 
  custom:video-decoder-webm-vp8: 9c59270c3fd7afecdb556c50c9e8de78 -> 
  custom:audio-decoder-ogg-vorbis: bf7c407c2cedff20999df2af8eb42d56 -> 
========================================================================
Received Import Request.
  Time since last request: 54631.258157 seconds.
  path: Packages/com.unity.render-pipelines.universal/Shaders/Particles/ParticlesUnlit.shader
  artifactKey: Guid(0406db5a14f94604a8c57ccfbc9f3b46) Importer(815301076,1909f56bfc062723c751e8b465ee728b)
Start importing Packages/com.unity.render-pipelines.universal/Shaders/Particles/ParticlesUnlit.shader using Guid(0406db5a14f94604a8c57ccfbc9f3b46) Importer(815301076,1909f56bfc062723c751e8b465ee728b)  -> (artifact id: '7ef7379b6578a26c3d8e4259e387a92f') in 0.033841 seconds 
========================================================================
Received Import Request.
  Time since last request: 5.409193 seconds.
  path: Packages/com.unity.render-pipelines.universal/Editor/2D/ShaderGraph/Targets/UniversalSpriteUnlitSubTarget.cs
  artifactKey: Guid(ed7c0aacec26e9646b45c96fb318e5a3) Importer(815301076,1909f56bfc062723c751e8b465ee728b)
Start importing Packages/com.unity.render-pipelines.universal/Editor/2D/ShaderGraph/Targets/UniversalSpriteUnlitSubTarget.cs using Guid(ed7c0aacec26e9646b45c96fb318e5a3) Importer(815301076,1909f56bfc062723c751e8b465ee728b)  -> (artifact id: '1279065e43c9531f8d45a75561948267') in 0.011719 seconds 
========================================================================
Received Import Request.
  Time since last request: 3.251227 seconds.
  path: Packages/com.unity.render-pipelines.universal/Shaders/Unlit.shader
  artifactKey: Guid(650dd9526735d5b46b79224bc6e94025) Importer(815301076,1909f56bfc062723c751e8b465ee728b)
Start importing Packages/com.unity.render-pipelines.universal/Shaders/Unlit.shader using Guid(650dd9526735d5b46b79224bc6e94025) Importer(815301076,1909f56bfc062723c751e8b465ee728b)  -> (artifact id: '12176f23d0380e539efc83187d1aadd2') in 0.002351 seconds 
========================================================================
Received Import Request.
  Time since last request: 8.437788 seconds.
  path: Packages/com.unity.render-pipelines.universal/Shaders/Unity.RenderPipelines.Universal.Shaders.asmdef
  artifactKey: Guid(b4517ec124862cb4bb3b8b27d72843a6) Importer(815301076,1909f56bfc062723c751e8b465ee728b)
Start importing Packages/com.unity.render-pipelines.universal/Shaders/Unity.RenderPipelines.Universal.Shaders.asmdef using Guid(b4517ec124862cb4bb3b8b27d72843a6) Importer(815301076,1909f56bfc062723c751e8b465ee728b)  -> (artifact id: '928f39179317dd1b8b91edff877a2307') in 0.003369 seconds 
========================================================================
Received Import Request.
  Time since last request: 16.040546 seconds.
  path: Packages/com.unity.render-pipelines.universal/Shaders/LitGBufferPass.hlsl
  artifactKey: Guid(92673cbb58cac8e4d8b5d044ce912dd8) Importer(815301076,1909f56bfc062723c751e8b465ee728b)
Start importing Packages/com.unity.render-pipelines.universal/Shaders/LitGBufferPass.hlsl using Guid(92673cbb58cac8e4d8b5d044ce912dd8) Importer(815301076,1909f56bfc062723c751e8b465ee728b)  -> (artifact id: 'd39f2dce94485dc86933252754028c61') in 0.006024 seconds 
========================================================================
Received Import Request.
  Time since last request: 39.546040 seconds.
  path: Assets/Shaders
  artifactKey: Guid(6b94915100267ef46b6f0df993516bbf) Importer(815301076,1909f56bfc062723c751e8b465ee728b)
Start importing Assets/Shaders using Guid(6b94915100267ef46b6f0df993516bbf) Importer(815301076,1909f56bfc062723c751e8b465ee728b)  -> (artifact id: '610eb03f4a43a574b5e056c154f23ada') in 0.002234 seconds 
========================================================================
Received Import Request.
  Time since last request: 1.789418 seconds.
  path: Assets/Shaders/Unlit.shader
  artifactKey: Guid(59853821f90f005428191297a308f954) Importer(815301076,1909f56bfc062723c751e8b465ee728b)
Start importing Assets/Shaders/Unlit.shader using Guid(59853821f90f005428191297a308f954) Importer(815301076,1909f56bfc062723c751e8b465ee728b)  -> (artifact id: '6c706712a9722c82ef846f729bbbf24d') in 0.003112 seconds 
========================================================================
Received Import Request.
  Time since last request: 2.351011 seconds.
  path: Assets/Shaders/Lit.shader
  artifactKey: Guid(59853821f90f005428191297a308f954) Importer(815301076,1909f56bfc062723c751e8b465ee728b)
Start importing Assets/Shaders/Lit.shader using Guid(59853821f90f005428191297a308f954) Importer(815301076,1909f56bfc062723c751e8b465ee728b)  -> (artifact id: 'b0da5a3412613e461cca92d059f527e8') in 0.003867 seconds 
========================================================================
Received Import Request.
  Time since last request: 3.513778 seconds.
  path: Assets/Shaders/CustomLit.shader
  artifactKey: Guid(59853821f90f005428191297a308f954) Importer(815301076,1909f56bfc062723c751e8b465ee728b)
Start importing Assets/Shaders/CustomLit.shader using Guid(59853821f90f005428191297a308f954) Importer(815301076,1909f56bfc062723c751e8b465ee728b)  -> (artifact id: '2a835e1e68834ee43014ab15dd9611a5') in 0.003489 seconds 
========================================================================
Received Import Request.
  Time since last request: 215.475130 seconds.
  path: Assets/Shaders/UnlitForwardPass.hlsl
  artifactKey: Guid(37d94390e3949ab42abcf31a5fd3a0cd) Importer(815301076,1909f56bfc062723c751e8b465ee728b)
Start importing Assets/Shaders/UnlitForwardPass.hlsl using Guid(37d94390e3949ab42abcf31a5fd3a0cd) Importer(815301076,1909f56bfc062723c751e8b465ee728b)  -> (artifact id: 'ac52f81dd56d7fe32a6845d3b40e8e35') in 0.003153 seconds 
========================================================================
Received Import Request.
  Time since last request: 7.868219 seconds.
  path: Assets/Shaders/LitForwardPass.hlsl
  artifactKey: Guid(37d94390e3949ab42abcf31a5fd3a0cd) Importer(815301076,1909f56bfc062723c751e8b465ee728b)
Start importing Assets/Shaders/LitForwardPass.hlsl using Guid(37d94390e3949ab42abcf31a5fd3a0cd) Importer(815301076,1909f56bfc062723c751e8b465ee728b)  -> (artifact id: '0f19db6ad93d17d9d394ad8a353238d9') in 0.002452 seconds 
========================================================================
Received Import Request.
  Time since last request: 6.366592 seconds.
  path: Assets/Settings
  artifactKey: Guid(709f11a7f3c4041caa4ef136ea32d874) Importer(815301076,1909f56bfc062723c751e8b465ee728b)
Start importing Assets/Settings using Guid(709f11a7f3c4041caa4ef136ea32d874) Importer(815301076,1909f56bfc062723c751e8b465ee728b)  -> (artifact id: 'dfaa9b38051423c63420310940c3f677') in 0.002159 seconds 
========================================================================
Received Import Request.
  Time since last request: 154.131246 seconds.
  path: Packages/com.unity.render-pipelines.universal
  artifactKey: Guid(87f3e00faee74b02e6227b1c727beb50) Importer(815301076,1909f56bfc062723c751e8b465ee728b)
Start importing Packages/com.unity.render-pipelines.universal using Guid(87f3e00faee74b02e6227b1c727beb50) Importer(815301076,1909f56bfc062723c751e8b465ee728b)  -> (artifact id: '39bfffdfd469b776bd5a0126fab43a6a') in 0.002471 seconds 
========================================================================
Received Import Request.
  Time since last request: 6.877129 seconds.
  path: Packages/com.unity.render-pipelines.universal/Editor
  artifactKey: Guid(53c20613ce8ac478dba8507359e02516) Importer(815301076,1909f56bfc062723c751e8b465ee728b)
Start importing Packages/com.unity.render-pipelines.universal/Editor using Guid(53c20613ce8ac478dba8507359e02516) Importer(815301076,1909f56bfc062723c751e8b465ee728b)  -> (artifact id: 'a422a4149f185dd75d4fea356590c9c7') in 0.002228 seconds 
========================================================================
Received Import Request.
  Time since last request: 1.014622 seconds.
  path: Packages/com.unity.render-pipelines.universal/ShaderLibrary
  artifactKey: Guid(2de5b472450204ae2853db2cb6a2540a) Importer(815301076,1909f56bfc062723c751e8b465ee728b)
Start importing Packages/com.unity.render-pipelines.universal/ShaderLibrary using Guid(2de5b472450204ae2853db2cb6a2540a) Importer(815301076,1909f56bfc062723c751e8b465ee728b)  -> (artifact id: '61ac349ee683b75314cd34222411b2c8') in 0.002453 seconds 
========================================================================
Received Import Request.
  Time since last request: 21.304816 seconds.
  path: Packages/com.unity.render-pipelines.universal/ShaderLibrary/BRDF.hlsl
  artifactKey: Guid(e325eaafb90d419598a94581ba3335a4) Importer(815301076,1909f56bfc062723c751e8b465ee728b)
Start importing Packages/com.unity.render-pipelines.universal/ShaderLibrary/BRDF.hlsl using Guid(e325eaafb90d419598a94581ba3335a4) Importer(815301076,1909f56bfc062723c751e8b465ee728b)  -> (artifact id: 'e5ab7acd73b817c4642862bbe1c0988a') in 0.002619 seconds 
========================================================================
Received Import Request.
  Time since last request: 353.827804 seconds.
  path: Assets/Shaders/CustomLit.shader
  artifactKey: Guid(59853821f90f005428191297a308f954) Importer(815301076,1909f56bfc062723c751e8b465ee728b)
Start importing Assets/Shaders/CustomLit.shader using Guid(59853821f90f005428191297a308f954) Importer(815301076,1909f56bfc062723c751e8b465ee728b)  -> (artifact id: 'cc81443bca0b168cbff075a18a18257c') in 0.003511 seconds 
========================================================================
Received Import Request.
  Time since last request: 8249.969217 seconds.
  path: Assets/Shaders/LitForwardPass.hlsl
  artifactKey: Guid(37d94390e3949ab42abcf31a5fd3a0cd) Importer(815301076,1909f56bfc062723c751e8b465ee728b)
Start importing Assets/Shaders/LitForwardPass.hlsl using Guid(37d94390e3949ab42abcf31a5fd3a0cd) Importer(815301076,1909f56bfc062723c751e8b465ee728b)  -> (artifact id: 'a2caef51ed694299cf590338ae8a447c') in 0.002917 seconds 
========================================================================
Received Import Request.
  Time since last request: 2780.833589 seconds.
  path: Packages/com.unity.render-pipelines.core/ShaderLibrary/GraniteShaderLibBase.hlsl
  artifactKey: Guid(c5520328ccc5d6c4e8a923677cbb21cf) Importer(815301076,1909f56bfc062723c751e8b465ee728b)
Start importing Packages/com.unity.render-pipelines.core/ShaderLibrary/GraniteShaderLibBase.hlsl using Guid(c5520328ccc5d6c4e8a923677cbb21cf) Importer(815301076,1909f56bfc062723c751e8b465ee728b)  -> (artifact id: 'aa94c54ce210765aa93c0bb5ac2fcec7') in 0.003994 seconds 
========================================================================
Received Import Request.
  Time since last request: 0.000070 seconds.
  path: Packages/com.unity.render-pipelines.universal/ShaderLibrary/Unity.RenderPipelines.Universal.ShaderLibrary.asmdef
  artifactKey: Guid(ab67fb10353d84448ac887a7367cbda8) Importer(815301076,1909f56bfc062723c751e8b465ee728b)
Start importing Packages/com.unity.render-pipelines.universal/ShaderLibrary/Unity.RenderPipelines.Universal.ShaderLibrary.asmdef using Guid(ab67fb10353d84448ac887a7367cbda8) Importer(815301076,1909f56bfc062723c751e8b465ee728b)  -> (artifact id: '13000d6be06748030e8f5a4205c6d41c') in 0.003173 seconds 
========================================================================
Received Import Request.
  Time since last request: 10.129656 seconds.
  path: Packages/com.unity.render-pipelines.core/ShaderLibrary
  artifactKey: Guid(534c3b565c7ef4248a10594dbdf4faf1) Importer(815301076,1909f56bfc062723c751e8b465ee728b)
Start importing Packages/com.unity.render-pipelines.core/ShaderLibrary using Guid(534c3b565c7ef4248a10594dbdf4faf1) Importer(815301076,1909f56bfc062723c751e8b465ee728b)  -> (artifact id: '66311f1450a32f51fe4cb6ca771cf0ca') in 0.002601 seconds 
========================================================================
Received Import Request.
  Time since last request: 3.579370 seconds.
  path: Packages/com.unity.shadergraph/Editor/Generation/Targets/BuiltIn/ShaderLibrary
  artifactKey: Guid(6dc0256bde5256e40b2e4aa65249dd1e) Importer(815301076,1909f56bfc062723c751e8b465ee728b)
Start importing Packages/com.unity.shadergraph/Editor/Generation/Targets/BuiltIn/ShaderLibrary using Guid(6dc0256bde5256e40b2e4aa65249dd1e) Importer(815301076,1909f56bfc062723c751e8b465ee728b)  -> (artifact id: '99b4f617e497a172eef2026f013ec9cf') in 0.002597 seconds 
========================================================================
Received Import Request.
  Time since last request: 17.469245 seconds.
  path: Packages/com.unity.render-pipelines.universal/ShaderLibrary/SurfaceData.hlsl
  artifactKey: Guid(181b211e2007bd4478d853b8964457ab) Importer(815301076,1909f56bfc062723c751e8b465ee728b)
Start importing Packages/com.unity.render-pipelines.universal/ShaderLibrary/SurfaceData.hlsl using Guid(181b211e2007bd4478d853b8964457ab) Importer(815301076,1909f56bfc062723c751e8b465ee728b)  -> (artifact id: '3c4660fd1c0d8bb64fe55e5d992827fa') in 0.002603 seconds 
========================================================================
Received Import Request.
  Time since last request: 4.692493 seconds.
  path: Packages/com.unity.render-pipelines.universal/ShaderLibrary/SurfaceInput.hlsl
  artifactKey: Guid(546b9685ee7cc0941afd734baa08db2a) Importer(815301076,1909f56bfc062723c751e8b465ee728b)
Start importing Packages/com.unity.render-pipelines.universal/ShaderLibrary/SurfaceInput.hlsl using Guid(546b9685ee7cc0941afd734baa08db2a) Importer(815301076,1909f56bfc062723c751e8b465ee728b)  -> (artifact id: 'fe64c5a289cee6c6e88fd2f4704e286d') in 0.002763 seconds 
========================================================================
Received Import Request.
  Time since last request: 30.468200 seconds.
  path: Packages/com.unity.render-pipelines.universal/ShaderLibrary/SSAO.hlsl
  artifactKey: Guid(930a5f40803cb414b84db9a1889f890c) Importer(815301076,1909f56bfc062723c751e8b465ee728b)
Start importing Packages/com.unity.render-pipelines.universal/ShaderLibrary/SSAO.hlsl using Guid(930a5f40803cb414b84db9a1889f890c) Importer(815301076,1909f56bfc062723c751e8b465ee728b)  -> (artifact id: '81931a4989dfd246a0c5cc8b64aa0d06') in 0.002515 seconds 
========================================================================
Received Import Request.
  Time since last request: 131.175577 seconds.
  path: Assets/Shaders/Surface.hlsl
  artifactKey: Guid(59af92589a825904e809958dce8a5e7a) Importer(815301076,1909f56bfc062723c751e8b465ee728b)
Start importing Assets/Shaders/Surface.hlsl using Guid(59af92589a825904e809958dce8a5e7a) Importer(815301076,1909f56bfc062723c751e8b465ee728b)  -> (artifact id: '3f969483f830a38a83ab96a222305e94') in 0.002521 seconds 
========================================================================
Received Import Request.
  Time since last request: 193.239852 seconds.
  path: Assets/Shaders/Surface.hlsl
  artifactKey: Guid(59af92589a825904e809958dce8a5e7a) Importer(815301076,1909f56bfc062723c751e8b465ee728b)
Start importing Assets/Shaders/Surface.hlsl using Guid(59af92589a825904e809958dce8a5e7a) Importer(815301076,1909f56bfc062723c751e8b465ee728b)  -> (artifact id: 'eba1fb9739d76e81bfa1657fdd8faa2c') in 0.002973 seconds 
========================================================================
Received Import Request.
  Time since last request: 237.842920 seconds.
  path: Packages/com.unity.render-pipelines.core/ShaderLibrary/AreaLighting.hlsl
  artifactKey: Guid(2af09bb13e6547242913c40dfb0e50f9) Importer(815301076,1909f56bfc062723c751e8b465ee728b)
Start importing Packages/com.unity.render-pipelines.core/ShaderLibrary/AreaLighting.hlsl using Guid(2af09bb13e6547242913c40dfb0e50f9) Importer(815301076,1909f56bfc062723c751e8b465ee728b)  -> (artifact id: 'baad9d46fa58c2929430eb31af76e455') in 0.003078 seconds 
========================================================================
Received Import Request.
  Time since last request: 0.420436 seconds.
  path: Packages/com.unity.render-pipelines.core/ShaderLibrary/ImageBasedLighting.hlsl
  artifactKey: Guid(ae4dc0bfd9fc0b544a109513ba841d30) Importer(815301076,1909f56bfc062723c751e8b465ee728b)
Start importing Packages/com.unity.render-pipelines.core/ShaderLibrary/ImageBasedLighting.hlsl using Guid(ae4dc0bfd9fc0b544a109513ba841d30) Importer(815301076,1909f56bfc062723c751e8b465ee728b)  -> (artifact id: '77d705e8aacdbb6a0fcffb38d438849d') in 0.003003 seconds 
========================================================================
Received Import Request.
  Time since last request: 0.000068 seconds.
  path: Packages/com.unity.shadergraph/Editor/Generation/Targets/BuiltIn/ShaderLibrary/Lighting.hlsl
  artifactKey: Guid(14bcae32932007341a82b552c24738fd) Importer(815301076,1909f56bfc062723c751e8b465ee728b)
Start importing Packages/com.unity.shadergraph/Editor/Generation/Targets/BuiltIn/ShaderLibrary/Lighting.hlsl using Guid(14bcae32932007341a82b552c24738fd) Importer(815301076,1909f56bfc062723c751e8b465ee728b)  -> (artifact id: '8fed85d2cbb11eec111de6535a805268') in 0.003822 seconds 
========================================================================
Received Import Request.
  Time since last request: 0.000042 seconds.
  path: Packages/com.unity.render-pipelines.universal/ShaderLibrary/Lighting.hlsl
  artifactKey: Guid(762f0a4829f44584ba01e2f0661150d9) Importer(815301076,1909f56bfc062723c751e8b465ee728b)
Start importing Packages/com.unity.render-pipelines.universal/ShaderLibrary/Lighting.hlsl using Guid(762f0a4829f44584ba01e2f0661150d9) Importer(815301076,1909f56bfc062723c751e8b465ee728b)  -> (artifact id: 'adfe32db5754599d340ae93a9d21bd5e') in 0.002561 seconds 
Editor requested this worker to shutdown with reason: Scaling down because of idle timeout
AssetImportWorker is now disconnected from the server
Process exiting
Exiting without the bug reporter. Application will terminate with return code 0